[debug] [2018-05-24T10:51:52.563Z] ----------------------------------------------------------------------
[debug] [2018-05-24T10:51:52.565Z] Command:       C:\Program Files\nodejs\node.exe C:\Users\Joachim\AppData\Roaming\npm\node_modules\firebase-tools\bin\firebase init
[debug] [2018-05-24T10:51:52.566Z] CLI Version:   3.18.5
[debug] [2018-05-24T10:51:52.566Z] Platform:      win32
[debug] [2018-05-24T10:51:52.566Z] Node Version:  v8.9.4
[debug] [2018-05-24T10:51:52.566Z] Time:          Thu May 24 2018 12:51:52 GMT+0200 (Vesteuropa, sommertid)
[debug] [2018-05-24T10:51:52.566Z] ----------------------------------------------------------------------
[debug] 
[debug] [2018-05-24T10:51:52.575Z] > command requires scopes: ["email","openid","https://www.googleapis.com/auth/cloudplatformprojects.readonly","https://www.googleapis.com/auth/firebase"]
[debug] [2018-05-24T10:51:52.576Z] > authorizing via signed-in user
[info] 
     ######## #### ########  ######## ########     ###     ######  ########
     ##        ##  ##     ## ##       ##     ##  ##   ##  ##       ##
     ######    ##  ########  ######   ########  #########  ######  ######
     ##        ##  ##    ##  ##       ##     ## ##     ##       ## ##
     ##       #### ##     ## ######## ########  ##     ##  ######  ########

You're about to initialize a Firebase project in this directory:

  C:\Users\Joachim\self-help

[info] 
=== Project Setup
[info] 
[info] First, let's associate this project directory with a Firebase project.
[info] You can create multiple project aliases by running firebase use --add, 
[info] but for now we'll just set up a default project.
[info] 
[debug] [2018-05-24T10:52:17.758Z] > refreshing access token with scopes: ["email","https://www.googleapis.com/auth/cloudplatformprojects.readonly","https://www.googleapis.com/auth/firebase","openid"]
[debug] [2018-05-24T10:52:17.759Z] >>> HTTP REQUEST POST https://www.googleapis.com/oauth2/v3/token  
 { refresh_token: '1/MzYzR1RMlNa12Vvoo9O3F78zMiHgxKRtEcJ5xhD9tdA',
  client_id: '563584335869-fgrhgmd47bqnekij5i8b5pr03ho849e6.apps.googleusercontent.com',
  client_secret: 'j9iVZfS8kkCEFUPaAeJV0sAi',
  grant_type: 'refresh_token',
  scope: 'email https://www.googleapis.com/auth/cloudplatformprojects.readonly https://www.googleapis.com/auth/firebase openid' } 
 Thu May 24 2018 12:52:17 GMT+0200 (Vesteuropa, sommertid)
[debug] [2018-05-24T10:52:18.002Z] <<< HTTP RESPONSE 200
[debug] [2018-05-24T10:52:18.013Z] >>> HTTP REQUEST GET https://admin.firebase.com/v1/projects  
  
 Thu May 24 2018 12:52:18 GMT+0200 (Vesteuropa, sommertid)
[debug] [2018-05-24T10:52:18.987Z] <<< HTTP RESPONSE 200
[info] 
=== Hosting Setup
[info] 
[info] Your public directory is the folder (relative to your project directory) that
[info] will contain Hosting assets to be uploaded with firebase deploy. If you
[info] have a build process for your assets, use your build's output directory.
[info] 
[info] +  Wrote selfhelp/404.html
[debug] [2018-05-24T10:53:47.808Z] >>> HTTP REQUEST GET https://www.gstatic.com/firebasejs/releases.json  
  
 Thu May 24 2018 12:53:47 GMT+0200 (Vesteuropa, sommertid)
[debug] [2018-05-24T10:53:47.957Z] <<< HTTP RESPONSE 200
[info] +  Wrote selfhelp/index.html
[info] 
=== Storage Setup
[info] 
[info] Firebase Storage Security Rules allow you to define how and when to allow
[info] uploads and downloads. You can keep these rules in your project directory
[info] and publish them with firebase deploy.
[info] 
